\BOOKMARK [1][-]{section.1}{はじめに}{}% 1
\BOOKMARK [2][-]{subsection.1.1}{議会はどこを向いて立法しているのか}{section.1}% 2
\BOOKMARK [3][-]{subsubsection.1.1.1}{選挙区の代表者である議員の集合体としての議会}{subsection.1.1}% 3
\BOOKMARK [3][-]{subsubsection.1.1.2}{政党間競争としての議会}{subsection.1.1}% 4
\BOOKMARK [3][-]{subsubsection.1.1.3}{機能不全に陥る要因を探る議会研究}{subsection.1.1}% 5
\BOOKMARK [1][-]{section.2}{議会審議はいかに説明できるのか？}{}% 6
\BOOKMARK [2][-]{subsection.2.1}{はじめに}{section.2}% 7
\BOOKMARK [2][-]{subsection.2.2}{議会研究の問題意識: なぜ法案審議を研究するのか}{section.2}% 8
\BOOKMARK [3][-]{subsubsection.2.2.1}{選挙区の代表者としての議員と議会}{subsection.2.2}% 9
\BOOKMARK [3][-]{subsubsection.2.2.2}{政党間競争の舞台としての議会}{subsection.2.2}% 10
\BOOKMARK [3][-]{subsubsection.2.2.3}{議会の機能不全をめぐる議論}{subsection.2.2}% 11
\BOOKMARK [2][-]{subsection.2.3}{議会研究の枠組み: 何によって分析するのか}{section.2}% 12
\BOOKMARK [2][-]{subsection.2.4}{先行研究の課題}{section.2}% 13
\BOOKMARK [3][-]{subsubsection.2.4.1}{分極化と立法過程}{subsection.2.4}% 14
\BOOKMARK [3][-]{subsubsection.2.4.2}{「議員のイデオロギー分布」の限界}{subsection.2.4}% 15
\BOOKMARK [3][-]{subsubsection.2.4.3}{政策領域への回帰}{subsection.2.4}% 16
\BOOKMARK [2][-]{subsection.2.5}{「政策領域への注目度」という変数}{section.2}% 17
\BOOKMARK [2][-]{subsection.2.6}{説明変数として社会と注目度の概念}{section.2}% 18
\BOOKMARK [3][-]{subsubsection.2.6.1}{政策変化をもたらす「注目」}{subsection.2.6}% 19
\BOOKMARK [3][-]{subsubsection.2.6.2}{「注目」された政策は変化するのか？}{subsection.2.6}% 20
